[2026-03-08 22:00:59.048]  INFO   replica.replicator  connecting  attempt=1  url=ws://localhost:8001/replicate?token=replica-secret
[2026-03-08 22:00:59.055]  INFO   replica.replicator  connected  state_keys=0
[2026-03-08 22:00:59.504]  INFO   replica.replicator  connecting  attempt=1  url=ws://localhost:8001/replicate?token=replica-secret
[2026-03-08 22:00:59.510]  INFO   replica.replicator  connected  state_keys=0
[2026-03-08 22:01:00.058]  INFO   replica.replicator  connecting  attempt=1  url=ws://localhost:8001/replicate?token=replica-secret
[2026-03-08 22:01:00.065]  INFO   replica.replicator  connected  state_keys=0
[2026-03-08 22:01:59.639]  INFO   replica.replicator  apply  action=put  key=warriors_vs_heat_2024_03_08  v=1  lag=5.9ms  total_ops=1
[2026-03-08 22:01:59.639]  INFO   replica.replicator  apply  action=put  key=warriors_vs_heat_2024_03_08  v=1  lag=6.2ms  total_ops=1
[2026-03-08 22:01:59.639]  INFO   replica.replicator  apply  action=put  key=warriors_vs_heat_2024_03_08  v=1  lag=6.4ms  total_ops=1
[2026-03-08 22:02:01.651]  INFO   replica.replicator  apply  action=put  key=warriors_vs_heat_2024_03_08  v=2  lag=5.6ms  total_ops=2
[2026-03-08 22:02:01.651]  INFO   replica.replicator  apply  action=put  key=warriors_vs_heat_2024_03_08  v=2  lag=5.9ms  total_ops=2
[2026-03-08 22:02:01.651]  INFO   replica.replicator  apply  action=put  key=warriors_vs_heat_2024_03_08  v=2  lag=6.2ms  total_ops=2
[2026-03-08 22:02:03.662]  INFO   replica.replicator  apply  action=put  key=warriors_vs_heat_2024_03_08  v=3  lag=5.6ms  total_ops=3
[2026-03-08 22:02:03.663]  INFO   replica.replicator  apply  action=put  key=warriors_vs_heat_2024_03_08  v=3  lag=5.9ms  total_ops=3
[2026-03-08 22:02:03.663]  INFO   replica.replicator  apply  action=put  key=warriors_vs_heat_2024_03_08  v=3  lag=6.1ms  total_ops=3
[2026-03-08 22:02:05.675]  INFO   replica.replicator  apply  action=put  key=warriors_vs_heat_2024_03_08  v=4  lag=6.1ms  total_ops=4
[2026-03-08 22:02:05.675]  INFO   replica.replicator  apply  action=put  key=warriors_vs_heat_2024_03_08  v=4  lag=6.4ms  total_ops=4
[2026-03-08 22:02:05.675]  INFO   replica.replicator  apply  action=put  key=warriors_vs_heat_2024_03_08  v=4  lag=6.6ms  total_ops=4
[2026-03-08 22:02:07.687]  INFO   replica.replicator  apply  action=put  key=warriors_vs_heat_2024_03_08  v=5  lag=5.6ms  total_ops=5
[2026-03-08 22:02:07.687]  INFO   replica.replicator  apply  action=put  key=warriors_vs_heat_2024_03_08  v=5  lag=5.9ms  total_ops=5
[2026-03-08 22:02:07.688]  INFO   replica.replicator  apply  action=put  key=warriors_vs_heat_2024_03_08  v=5  lag=6.1ms  total_ops=5
[2026-03-08 22:02:09.699]  INFO   replica.replicator  apply  action=put  key=warriors_vs_heat_2024_03_08  v=6  lag=5.6ms  total_ops=6
[2026-03-08 22:02:09.699]  INFO   replica.replicator  apply  action=put  key=warriors_vs_heat_2024_03_08  v=6  lag=5.8ms  total_ops=6
[2026-03-08 22:02:09.700]  INFO   replica.replicator  apply  action=put  key=warriors_vs_heat_2024_03_08  v=6  lag=6.0ms  total_ops=6
[2026-03-08 22:02:11.713]  INFO   replica.replicator  apply  action=put  key=warriors_vs_heat_2024_03_08  v=7  lag=7.2ms  total_ops=7
[2026-03-08 22:02:11.713]  INFO   replica.replicator  apply  action=put  key=warriors_vs_heat_2024_03_08  v=7  lag=7.5ms  total_ops=7
[2026-03-08 22:02:11.713]  INFO   replica.replicator  apply  action=put  key=warriors_vs_heat_2024_03_08  v=7  lag=7.7ms  total_ops=7
[2026-03-08 22:02:13.724]  INFO   replica.replicator  apply  action=put  key=warriors_vs_heat_2024_03_08  v=8  lag=5.8ms  total_ops=8
[2026-03-08 22:02:13.724]  INFO   replica.replicator  apply  action=put  key=warriors_vs_heat_2024_03_08  v=8  lag=6.0ms  total_ops=8
[2026-03-08 22:02:13.724]  INFO   replica.replicator  apply  action=put  key=warriors_vs_heat_2024_03_08  v=8  lag=6.4ms  total_ops=8
[2026-03-08 22:02:15.736]  INFO   replica.replicator  apply  action=put  key=warriors_vs_heat_2024_03_08  v=9  lag=5.6ms  total_ops=9
[2026-03-08 22:02:15.736]  INFO   replica.replicator  apply  action=put  key=warriors_vs_heat_2024_03_08  v=9  lag=5.9ms  total_ops=9
[2026-03-08 22:02:15.737]  INFO   replica.replicator  apply  action=put  key=warriors_vs_heat_2024_03_08  v=9  lag=6.0ms  total_ops=9
[2026-03-08 22:02:17.748]  INFO   replica.replicator  apply  action=put  key=warriors_vs_heat_2024_03_08  v=10  lag=5.6ms  total_ops=10
[2026-03-08 22:02:17.748]  INFO   replica.replicator  apply  action=put  key=warriors_vs_heat_2024_03_08  v=10  lag=5.9ms  total_ops=10
[2026-03-08 22:02:17.748]  INFO   replica.replicator  apply  action=put  key=warriors_vs_heat_2024_03_08  v=10  lag=6.1ms  total_ops=10
[2026-03-08 22:02:19.760]  INFO   replica.replicator  apply  action=put  key=warriors_vs_heat_2024_03_08  v=11  lag=6.4ms  total_ops=11
[2026-03-08 22:02:19.761]  INFO   replica.replicator  apply  action=put  key=warriors_vs_heat_2024_03_08  v=11  lag=6.6ms  total_ops=11
[2026-03-08 22:02:19.761]  INFO   replica.replicator  apply  action=put  key=warriors_vs_heat_2024_03_08  v=11  lag=6.8ms  total_ops=11
[2026-03-08 22:03:08.967]  INFO   replica.replicator  apply  action=put  key=loy_vs_byu_2024_03_10  v=1  lag=8.2ms  total_ops=12
[2026-03-08 22:03:08.967]  INFO   replica.replicator  apply  action=put  key=loy_vs_byu_2024_03_10  v=1  lag=8.5ms  total_ops=12
[2026-03-08 22:03:08.967]  INFO   replica.replicator  apply  action=put  key=loy_vs_byu_2024_03_10  v=1  lag=8.7ms  total_ops=12
[2026-03-08 22:03:10.979]  INFO   replica.replicator  apply  action=put  key=loy_vs_byu_2024_03_10  v=2  lag=5.8ms  total_ops=13
[2026-03-08 22:03:10.979]  INFO   replica.replicator  apply  action=put  key=loy_vs_byu_2024_03_10  v=2  lag=6.1ms  total_ops=13
[2026-03-08 22:03:10.979]  INFO   replica.replicator  apply  action=put  key=loy_vs_byu_2024_03_10  v=2  lag=6.3ms  total_ops=13
[2026-03-08 22:03:12.992]  INFO   replica.replicator  apply  action=put  key=loy_vs_byu_2024_03_10  v=3  lag=7.0ms  total_ops=14
[2026-03-08 22:03:12.992]  INFO   replica.replicator  apply  action=put  key=loy_vs_byu_2024_03_10  v=3  lag=7.2ms  total_ops=14
[2026-03-08 22:03:12.993]  INFO   replica.replicator  apply  action=put  key=loy_vs_byu_2024_03_10  v=3  lag=7.4ms  total_ops=14
[2026-03-08 22:03:15.004]  INFO   replica.replicator  apply  action=put  key=loy_vs_byu_2024_03_10  v=4  lag=5.5ms  total_ops=15
[2026-03-08 22:03:15.004]  INFO   replica.replicator  apply  action=put  key=loy_vs_byu_2024_03_10  v=4  lag=5.8ms  total_ops=15
[2026-03-08 22:03:15.004]  INFO   replica.replicator  apply  action=put  key=loy_vs_byu_2024_03_10  v=4  lag=5.9ms  total_ops=15
[2026-03-08 22:03:17.016]  INFO   replica.replicator  apply  action=put  key=loy_vs_byu_2024_03_10  v=5  lag=5.5ms  total_ops=16
[2026-03-08 22:03:17.016]  INFO   replica.replicator  apply  action=put  key=loy_vs_byu_2024_03_10  v=5  lag=5.7ms  total_ops=16
[2026-03-08 22:03:17.016]  INFO   replica.replicator  apply  action=put  key=loy_vs_byu_2024_03_10  v=5  lag=5.9ms  total_ops=16
[2026-03-08 22:03:19.028]  INFO   replica.replicator  apply  action=put  key=loy_vs_byu_2024_03_10  v=6  lag=5.7ms  total_ops=17
[2026-03-08 22:03:19.028]  INFO   replica.replicator  apply  action=put  key=loy_vs_byu_2024_03_10  v=6  lag=5.8ms  total_ops=17
[2026-03-08 22:03:19.028]  INFO   replica.replicator  apply  action=put  key=loy_vs_byu_2024_03_10  v=6  lag=6.0ms  total_ops=17
[2026-03-08 22:03:21.041]  INFO   replica.replicator  apply  action=put  key=loy_vs_byu_2024_03_10  v=7  lag=7.0ms  total_ops=18
[2026-03-08 22:03:21.041]  INFO   replica.replicator  apply  action=put  key=loy_vs_byu_2024_03_10  v=7  lag=7.2ms  total_ops=18
[2026-03-08 22:03:21.042]  INFO   replica.replicator  apply  action=put  key=loy_vs_byu_2024_03_10  v=7  lag=7.4ms  total_ops=18
[2026-03-08 22:03:23.051]  INFO   replica.replicator  apply  action=put  key=loy_vs_byu_2024_03_10  v=8  lag=5.6ms  total_ops=19
[2026-03-08 22:03:23.052]  INFO   replica.replicator  apply  action=put  key=loy_vs_byu_2024_03_10  v=8  lag=5.9ms  total_ops=19
[2026-03-08 22:03:23.052]  INFO   replica.replicator  apply  action=put  key=loy_vs_byu_2024_03_10  v=8  lag=6.2ms  total_ops=19
[2026-03-08 22:03:25.063]  INFO   replica.replicator  apply  action=put  key=loy_vs_byu_2024_03_10  v=9  lag=5.8ms  total_ops=20
[2026-03-08 22:03:25.064]  INFO   replica.replicator  apply  action=put  key=loy_vs_byu_2024_03_10  v=9  lag=6.0ms  total_ops=20
[2026-03-08 22:03:25.064]  INFO   replica.replicator  apply  action=put  key=loy_vs_byu_2024_03_10  v=9  lag=6.2ms  total_ops=20
[2026-03-08 22:03:27.076]  INFO   replica.replicator  apply  action=put  key=loy_vs_byu_2024_03_10  v=10  lag=5.6ms  total_ops=21
[2026-03-08 22:03:27.076]  INFO   replica.replicator  apply  action=put  key=loy_vs_byu_2024_03_10  v=10  lag=5.8ms  total_ops=21
[2026-03-08 22:03:27.077]  INFO   replica.replicator  apply  action=put  key=loy_vs_byu_2024_03_10  v=10  lag=6.0ms  total_ops=21
[2026-03-08 22:03:29.088]  INFO   replica.replicator  apply  action=put  key=loy_vs_byu_2024_03_10  v=11  lag=5.7ms  total_ops=22
[2026-03-08 22:03:29.088]  INFO   replica.replicator  apply  action=put  key=loy_vs_byu_2024_03_10  v=11  lag=5.8ms  total_ops=22
[2026-03-08 22:03:29.088]  INFO   replica.replicator  apply  action=put  key=loy_vs_byu_2024_03_10  v=11  lag=6.1ms  total_ops=22
[2026-03-08 22:05:28.364]  INFO   replica.replicator  apply  action=delete  key=warriors_vs_heat_2024_03_08  v=12  lag=5.9ms  total_ops=23
[2026-03-08 22:05:28.364]  INFO   replica.replicator  apply  action=delete  key=warriors_vs_heat_2024_03_08  v=12  lag=6.2ms  total_ops=23
[2026-03-08 22:05:28.365]  INFO   replica.replicator  apply  action=delete  key=warriors_vs_heat_2024_03_08  v=12  lag=6.3ms  total_ops=23
[2026-03-08 22:10:08.619]  INFO   replica.replicator  apply  action=delete  key=loy_vs_byu_2024_03_10  v=12  lag=5.5ms  total_ops=24
[2026-03-08 22:10:08.619]  INFO   replica.replicator  apply  action=delete  key=loy_vs_byu_2024_03_10  v=12  lag=5.7ms  total_ops=24
[2026-03-08 22:10:08.619]  INFO   replica.replicator  apply  action=delete  key=loy_vs_byu_2024_03_10  v=12  lag=5.9ms  total_ops=24
[2026-03-08 22:30:48.423]  INFO   replica.replicator  apply  action=put  key=loy_vs_byu_2024_03_10  v=1  lag=5.5ms  total_ops=25
[2026-03-08 22:30:48.424]  INFO   replica.replicator  apply  action=put  key=loy_vs_byu_2024_03_10  v=1  lag=5.7ms  total_ops=25
[2026-03-08 22:30:48.424]  INFO   replica.replicator  apply  action=put  key=loy_vs_byu_2024_03_10  v=1  lag=5.9ms  total_ops=25
[2026-03-08 22:35:01.673]  WARNING  replica.replicator  connection error  reason=no close frame received or sent  attempt=0  retry_in=1s
[2026-03-08 22:35:01.673]  WARNING  replica.replicator  connection error  reason=no close frame received or sent  attempt=0  retry_in=1s
[2026-03-08 22:35:01.673]  WARNING  replica.replicator  connection error  reason=no close frame received or sent  attempt=0  retry_in=1s
[2026-03-08 22:35:02.673]  INFO   replica.replicator  connecting  attempt=1  url=ws://localhost:8001/replicate?token=replica-secret
[2026-03-08 22:35:02.674]  INFO   replica.replicator  connecting  attempt=1  url=ws://localhost:8001/replicate?token=replica-secret
[2026-03-08 22:35:02.675]  WARNING  replica.replicator  connection error  reason=[Errno 111] Connect call failed ('127.0.0.1', 8001)  attempt=1  retry_in=2s
[2026-03-08 22:35:02.675]  WARNING  replica.replicator  connection error  reason=[Errno 111] Connect call failed ('127.0.0.1', 8001)  attempt=1  retry_in=2s
[2026-03-08 22:35:02.675]  INFO   replica.replicator  connecting  attempt=1  url=ws://localhost:8001/replicate?token=replica-secret
[2026-03-08 22:35:02.676]  WARNING  replica.replicator  connection error  reason=[Errno 111] Connect call failed ('127.0.0.1', 8001)  attempt=1  retry_in=2s
[2026-03-08 22:35:04.675]  INFO   replica.replicator  connecting  attempt=2  url=ws://localhost:8001/replicate?token=replica-secret
[2026-03-08 22:35:04.676]  INFO   replica.replicator  connecting  attempt=2  url=ws://localhost:8001/replicate?token=replica-secret
[2026-03-08 22:35:04.676]  WARNING  replica.replicator  connection error  reason=[Errno 111] Connect call failed ('127.0.0.1', 8001)  attempt=2  retry_in=4s
[2026-03-08 22:35:04.677]  WARNING  replica.replicator  connection error  reason=[Errno 111] Connect call failed ('127.0.0.1', 8001)  attempt=2  retry_in=4s
[2026-03-08 22:35:04.677]  INFO   replica.replicator  connecting  attempt=2  url=ws://localhost:8001/replicate?token=replica-secret
[2026-03-08 22:35:04.678]  WARNING  replica.replicator  connection error  reason=[Errno 111] Connect call failed ('127.0.0.1', 8001)  attempt=2  retry_in=4s
[2026-03-08 22:35:08.677]  INFO   replica.replicator  connecting  attempt=3  url=ws://localhost:8001/replicate?token=replica-secret
[2026-03-08 22:35:08.679]  WARNING  replica.replicator  connection error  reason=[Errno 111] Connect call failed ('127.0.0.1', 8001)  attempt=3  retry_in=8s
[2026-03-08 22:35:16.680]  INFO   replica.replicator  connecting  attempt=4  url=ws://localhost:8001/replicate?token=replica-secret
[2026-03-08 22:35:16.681]  WARNING  replica.replicator  connection error  reason=[Errno 111] Connect call failed ('127.0.0.1', 8001)  attempt=4  retry_in=16s
[2026-03-08 22:35:32.682]  INFO   replica.replicator  connecting  attempt=5  url=ws://localhost:8001/replicate?token=replica-secret
[2026-03-08 22:35:32.683]  WARNING  replica.replicator  connection error  reason=[Errno 111] Connect call failed ('127.0.0.1', 8001)  attempt=5  retry_in=30s
[2026-03-08 22:36:02.684]  INFO   replica.replicator  connecting  attempt=6  url=ws://localhost:8001/replicate?token=replica-secret
[2026-03-08 22:36:02.685]  WARNING  replica.replicator  connection error  reason=[Errno 111] Connect call failed ('127.0.0.1', 8001)  attempt=6  retry_in=30s
[2026-03-08 22:36:32.685]  INFO   replica.replicator  connecting  attempt=7  url=ws://localhost:8001/replicate?token=replica-secret
[2026-03-08 22:36:32.686]  WARNING  replica.replicator  connection error  reason=[Errno 111] Connect call failed ('127.0.0.1', 8001)  attempt=7  retry_in=30s
[2026-03-08 22:37:02.687]  INFO   replica.replicator  connecting  attempt=8  url=ws://localhost:8001/replicate?token=replica-secret
[2026-03-08 22:37:02.688]  WARNING  replica.replicator  connection error  reason=[Errno 111] Connect call failed ('127.0.0.1', 8001)  attempt=8  retry_in=30s
[2026-03-08 22:37:32.689]  INFO   replica.replicator  connecting  attempt=9  url=ws://localhost:8001/replicate?token=replica-secret
[2026-03-08 22:37:32.690]  WARNING  replica.replicator  connection error  reason=[Errno 111] Connect call failed ('127.0.0.1', 8001)  attempt=9  retry_in=30s
[2026-03-08 22:38:02.690]  INFO   replica.replicator  connecting  attempt=10  url=ws://localhost:8001/replicate?token=replica-secret
[2026-03-08 22:38:02.691]  WARNING  replica.replicator  connection error  reason=[Errno 111] Connect call failed ('127.0.0.1', 8001)  attempt=10  retry_in=30s
[2026-03-08 22:38:32.693]  INFO   replica.replicator  connecting  attempt=11  url=ws://localhost:8001/replicate?token=replica-secret
[2026-03-08 22:38:32.694]  WARNING  replica.replicator  connection error  reason=[Errno 111] Connect call failed ('127.0.0.1', 8001)  attempt=11  retry_in=30s
[2026-03-08 22:39:02.695]  INFO   replica.replicator  connecting  attempt=12  url=ws://localhost:8001/replicate?token=replica-secret
[2026-03-08 22:39:02.696]  WARNING  replica.replicator  connection error  reason=[Errno 111] Connect call failed ('127.0.0.1', 8001)  attempt=12  retry_in=30s
[2026-03-08 22:39:32.696]  INFO   replica.replicator  connecting  attempt=13  url=ws://localhost:8001/replicate?token=replica-secret
[2026-03-08 22:39:32.697]  WARNING  replica.replicator  connection error  reason=[Errno 111] Connect call failed ('127.0.0.1', 8001)  attempt=13  retry_in=30s
[2026-03-08 22:40:02.698]  INFO   replica.replicator  connecting  attempt=14  url=ws://localhost:8001/replicate?token=replica-secret
[2026-03-08 22:40:02.699]  WARNING  replica.replicator  connection error  reason=[Errno 111] Connect call failed ('127.0.0.1', 8001)  attempt=14  retry_in=30s
[2026-03-08 22:40:32.700]  INFO   replica.replicator  connecting  attempt=15  url=ws://localhost:8001/replicate?token=replica-secret
[2026-03-08 22:40:32.700]  WARNING  replica.replicator  connection error  reason=[Errno 111] Connect call failed ('127.0.0.1', 8001)  attempt=15  retry_in=30s
[2026-03-08 22:41:02.702]  INFO   replica.replicator  connecting  attempt=16  url=ws://localhost:8001/replicate?token=replica-secret
[2026-03-08 22:41:02.702]  WARNING  replica.replicator  connection error  reason=[Errno 111] Connect call failed ('127.0.0.1', 8001)  attempt=16  retry_in=30s
[2026-03-08 22:41:32.703]  INFO   replica.replicator  connecting  attempt=17  url=ws://localhost:8001/replicate?token=replica-secret
[2026-03-08 22:41:32.704]  WARNING  replica.replicator  connection error  reason=[Errno 111] Connect call failed ('127.0.0.1', 8001)  attempt=17  retry_in=30s
